2026-01-31T16:27:58.054Z Server running on port 5000
2026-01-31T16:27:58.054Z Access from other devices: http://192.168.1.8:5000
2026-01-31T16:27:58.086Z MongoDB connected
2026-01-31T16:29:00.226Z Server running on port 5000
2026-01-31T16:29:00.227Z Access from other devices: http://192.168.1.8:5000
2026-01-31T16:29:00.245Z MongoDB connected
2026-01-31T19:00:34.256Z Creating product with data: {
  name: 'Test Product',
  description: 'This is a test product',
  price: 99.99,
  category: 'Test Category',
  image: 'https://via.placeholder.com/150',
  stock: 50
}
2026-01-31T19:00:34.274Z Product saved: {
  name: 'Test Product',
  description: 'This is a test product',
  price: 99.99,
  category: 'Test Category',
  image: 'https://via.placeholder.com/150',
  stock: 50,
  rating: 0,
  reviews: [],
  _id: new ObjectId("697e5152eb7a854ad0a1febe"),
  createdAt: 2026-01-31T19:00:34.261Z,
  updatedAt: 2026-01-31T19:00:34.261Z,
  __v: 0
}
2026-01-31T19:05:34.554Z Creating product with data: {
  name: 'Badmintion',
  description: 'premium quality yonex rackets',
  price: 50,
  category: 'badminton',
  image: 'https://th.bing.com/th/id/OIP.-kdQ9Ick0o2QKNNYt-GZLwHaHa?w=201&h=203&c=7&r=0&o=7&dpr=1.3&pid=1.7&rm=3',
  stock: 85
}
2026-01-31T19:05:34.556Z Product saved: {
  name: 'Badmintion',
  description: 'premium quality yonex rackets',
  price: 50,
  category: 'badminton',
  image: 'https://th.bing.com/th/id/OIP.-kdQ9Ick0o2QKNNYt-GZLwHaHa?w=201&h=203&c=7&r=0&o=7&dpr=1.3&pid=1.7&rm=3',
  stock: 85,
  rating: 0,
  reviews: [],
  _id: new ObjectId("697e527eeb7a854ad0a1fecc"),
  createdAt: 2026-01-31T19:05:34.554Z,
  updatedAt: 2026-01-31T19:05:34.554Z,
  __v: 0
}
2026-02-01T06:54:54.220Z Server running on port 5000
2026-02-01T06:54:54.221Z Access from other devices: http://192.168.1.8:5000
2026-02-01T06:54:54.221Z Keep-alive mechanism initialized (5 min interval)
2026-02-01T06:54:54.237Z MongoDB connected
2026-02-01T06:55:47.344Z Login attempt for: yashvanthnayak331@gmail.com
2026-02-01T06:55:47.490Z Login successful for: yashvanthnayak331@gmail.com
2026-02-01T06:59:54.354Z Keep-alive ping successful: 2026-02-01T06:59:54.353Z
2026-02-01T07:00:14.232Z Register request body: {
  name: 'YASHVANTH NAYAK S',
  email: 'yashvanthnayak1911@gmail.com',
  password: 'yashthanu@191104'
}
2026-02-01T07:00:14.236Z User found: null
2026-02-01T07:00:14.350Z New user: {
  name: 'YASHVANTH NAYAK S',
  email: 'yashvanthnayak1911@gmail.com',
  password: '$2a$10$SdoBmLHF/UnbWxYqTcFXSO1GFzm24WeuIZWjbxgtSen/z18Kxo8Wm',
  role: 'user',
  _id: new ObjectId("697ef9fed9db52d58ff214ce"),
  createdAt: 2026-02-01T07:00:14.349Z
}
2026-02-01T07:00:14.362Z User saved to database
2026-02-01T07:04:54.240Z Keep-alive ping successful: 2026-02-01T07:04:54.240Z
2026-02-01T07:09:54.239Z Keep-alive ping successful: 2026-02-01T07:09:54.239Z
2026-02-01T07:14:54.243Z Keep-alive ping successful: 2026-02-01T07:14:54.243Z
2026-02-01T07:19:54.244Z Keep-alive ping successful: 2026-02-01T07:19:54.244Z
2026-02-01T07:22:52.830Z Server running on port 5000
2026-02-01T07:22:52.831Z Access from other devices: http://192.168.1.8:5000
2026-02-01T07:22:52.831Z Keep-alive mechanism initialized (5 min interval)
2026-02-01T07:22:52.847Z MongoDB connected
2026-02-01T07:27:52.943Z Keep-alive ping successful: 2026-02-01T07:27:52.943Z
2026-02-01T07:32:52.841Z Keep-alive ping successful: 2026-02-01T07:32:52.841Z
2026-02-01T07:37:52.843Z Keep-alive ping successful: 2026-02-01T07:37:52.843Z
2026-02-01T07:39:51.104Z Server running on port 5000
2026-02-01T07:39:51.105Z Access from other devices: http://192.168.1.8:5000
2026-02-01T07:39:51.106Z Keep-alive mechanism initialized (14 min interval)
2026-02-01T07:39:51.121Z MongoDB connected
2026-02-01T07:53:51.197Z Keep-alive ping successful to http://localhost:5000: 2026-02-01T07:53:51.196Z
2026-02-01T08:07:51.119Z Keep-alive ping successful to http://localhost:5000: 2026-02-01T08:07:51.119Z
2026-02-01T08:21:51.132Z Keep-alive ping successful to http://localhost:5000: 2026-02-01T08:21:51.131Z
2026-02-01T08:35:51.144Z Keep-alive ping successful to http://localhost:5000: 2026-02-01T08:35:51.144Z
2026-02-01T08:49:51.158Z Keep-alive ping successful to http://localhost:5000: 2026-02-01T08:49:51.157Z
2026-02-01T09:03:51.169Z Keep-alive ping successful to http://localhost:5000: 2026-02-01T09:03:51.168Z
2026-02-01T09:17:51.177Z Keep-alive ping successful to http://localhost:5000: 2026-02-01T09:17:51.176Z
2026-02-01T09:31:51.181Z Keep-alive ping successful to http://localhost:5000: 2026-02-01T09:31:51.180Z
2026-02-01T09:45:51.185Z Keep-alive ping successful to http://localhost:5000: 2026-02-01T09:45:51.184Z
2026-02-01T09:59:51.191Z Keep-alive ping successful to http://localhost:5000: 2026-02-01T09:59:51.190Z
2026-02-01T10:13:51.193Z Keep-alive ping successful to http://localhost:5000: 2026-02-01T10:13:51.192Z
2026-02-01T16:24:05.324Z Server running on port 5000
2026-02-01T16:24:05.324Z Access from other devices: http://192.168.1.8:5000
2026-02-01T16:24:05.325Z Keep-alive mechanism initialized (14 min interval)
2026-02-01T16:24:05.327Z MongoDB connection error: Error: querySrv ECONNREFUSED _mongodb._tcp.cluster0.u27e8qb.mongodb.net
    at QueryReqWrap.onresolve [as oncomplete] (node:internal/dns/promises:294:17) {
  errno: undefined,
  code: 'ECONNREFUSED',
  syscall: 'querySrv',
  hostname: '_mongodb._tcp.cluster0.u27e8qb.mongodb.net'
}
